This is pdfTeX, Version 3.14159265-2.6-1.40.17 (MiKTeX 2.9) (preloaded format=pdflatex 2016.8.21)  2 SEP 2016 17:55
entering extended mode
**./siggraph14-ias.tex
(siggraph14-ias.tex
LaTeX2e <2016/03/31>
Babel <3.9r> and hyphenation patterns for 75 language(s) loaded.
(IEEEtran.cls
Document Class: IEEEtran 2015/08/26 V1.8b by Michael Shell
-- See the "IEEEtran_HOWTO" manual for usage information.
-- http://www.michaelshell.org/tex/ieeetran/
\@IEEEtrantmpdimenA=\dimen102
\@IEEEtrantmpdimenB=\dimen103
\@IEEEtrantmpdimenC=\dimen104
\@IEEEtrantmpcountA=\count79
\@IEEEtrantmpcountB=\count80
\@IEEEtrantmpcountC=\count81
\@IEEEtrantmptoksA=\toks14
LaTeX Font Info:    Try loading font information for OT1+ptm on input line 503.

("E:\New folder\stu\texmfs\install\tex\latex\psnfss\ot1ptm.fd"
File: ot1ptm.fd 2001/06/04 font definitions for OT1/ptm.
)
-- Using 8.5in x 11in (letter) paper.
-- Using PDF output.
\@IEEEnormalsizeunitybaselineskip=\dimen105
-- This is a 10 point document.
\CLASSINFOnormalsizebaselineskip=\dimen106
\CLASSINFOnormalsizeunitybaselineskip=\dimen107
\IEEEnormaljot=\dimen108
LaTeX Font Info:    Font shape `OT1/ptm/bx/n' in size <5> not available
(Font)              Font shape `OT1/ptm/b/n' tried instead on input line 1090.
LaTeX Font Info:    Font shape `OT1/ptm/bx/it' in size <5> not available
(Font)              Font shape `OT1/ptm/b/it' tried instead on input line 1090.

LaTeX Font Info:    Font shape `OT1/ptm/bx/n' in size <7> not available
(Font)              Font shape `OT1/ptm/b/n' tried instead on input line 1090.
LaTeX Font Info:    Font shape `OT1/ptm/bx/it' in size <7> not available
(Font)              Font shape `OT1/ptm/b/it' tried instead on input line 1090.

LaTeX Font Info:    Font shape `OT1/ptm/bx/n' in size <8> not available
(Font)              Font shape `OT1/ptm/b/n' tried instead on input line 1090.
LaTeX Font Info:    Font shape `OT1/ptm/bx/it' in size <8> not available
(Font)              Font shape `OT1/ptm/b/it' tried instead on input line 1090.

LaTeX Font Info:    Font shape `OT1/ptm/bx/n' in size <9> not available
(Font)              Font shape `OT1/ptm/b/n' tried instead on input line 1090.
LaTeX Font Info:    Font shape `OT1/ptm/bx/it' in size <9> not available
(Font)              Font shape `OT1/ptm/b/it' tried instead on input line 1090.

LaTeX Font Info:    Font shape `OT1/ptm/bx/n' in size <10> not available
(Font)              Font shape `OT1/ptm/b/n' tried instead on input line 1090.
LaTeX Font Info:    Font shape `OT1/ptm/bx/it' in size <10> not available
(Font)              Font shape `OT1/ptm/b/it' tried instead on input line 1090.

LaTeX Font Info:    Font shape `OT1/ptm/bx/n' in size <11> not available
(Font)              Font shape `OT1/ptm/b/n' tried instead on input line 1090.
LaTeX Font Info:    Font shape `OT1/ptm/bx/it' in size <11> not available
(Font)              Font shape `OT1/ptm/b/it' tried instead on input line 1090.

LaTeX Font Info:    Font shape `OT1/ptm/bx/n' in size <12> not available
(Font)              Font shape `OT1/ptm/b/n' tried instead on input line 1090.
LaTeX Font Info:    Font shape `OT1/ptm/bx/it' in size <12> not available
(Font)              Font shape `OT1/ptm/b/it' tried instead on input line 1090.

LaTeX Font Info:    Font shape `OT1/ptm/bx/n' in size <17> not available
(Font)              Font shape `OT1/ptm/b/n' tried instead on input line 1090.
LaTeX Font Info:    Font shape `OT1/ptm/bx/it' in size <17> not available
(Font)              Font shape `OT1/ptm/b/it' tried instead on input line 1090.

LaTeX Font Info:    Font shape `OT1/ptm/bx/n' in size <20> not available
(Font)              Font shape `OT1/ptm/b/n' tried instead on input line 1090.
LaTeX Font Info:    Font shape `OT1/ptm/bx/it' in size <20> not available
(Font)              Font shape `OT1/ptm/b/it' tried instead on input line 1090.

LaTeX Font Info:    Font shape `OT1/ptm/bx/n' in size <24> not available
(Font)              Font shape `OT1/ptm/b/n' tried instead on input line 1090.
LaTeX Font Info:    Font shape `OT1/ptm/bx/it' in size <24> not available
(Font)              Font shape `OT1/ptm/b/it' tried instead on input line 1090.

\IEEEquantizedlength=\dimen109
\IEEEquantizedlengthdiff=\dimen110
\IEEEquantizedtextheightdiff=\dimen111
\IEEEilabelindentA=\dimen112
\IEEEilabelindentB=\dimen113
\IEEEilabelindent=\dimen114
\IEEEelabelindent=\dimen115
\IEEEdlabelindent=\dimen116
\IEEElabelindent=\dimen117
\IEEEiednormlabelsep=\dimen118
\IEEEiedmathlabelsep=\dimen119
\IEEEiedtopsep=\skip41
\c@section=\count82
\c@subsection=\count83
\c@subsubsection=\count84
\c@paragraph=\count85
\c@IEEEsubequation=\count86
\abovecaptionskip=\skip42
\belowcaptionskip=\skip43
\c@figure=\count87
\c@table=\count88
\@IEEEeqnnumcols=\count89
\@IEEEeqncolcnt=\count90
\@IEEEsubeqnnumrollback=\count91
\@IEEEquantizeheightA=\dimen120
\@IEEEquantizeheightB=\dimen121
\@IEEEquantizeheightC=\dimen122
\@IEEEquantizeprevdepth=\dimen123
\@IEEEquantizemultiple=\count92
\@IEEEquantizeboxA=\box26
\@IEEEtmpitemindent=\dimen124
\IEEEPARstartletwidth=\dimen125
\c@IEEEbiography=\count93
\@IEEEtranrubishbin=\box27
)
** ATTENTION: Overriding command lockouts (line 5).
("E:\New folder\stu\texmfs\install\tex\latex\graphics\epsfig.sty"
Package: epsfig 1999/02/16 v1.7a (e)psfig emulation (SPQR)

("E:\New folder\stu\texmfs\install\tex\latex\graphics\graphicx.sty"
Package: graphicx 2014/10/28 v1.0g Enhanced LaTeX Graphics (DPC,SPQR)

("E:\New folder\stu\texmfs\install\tex\latex\graphics\keyval.sty"
Package: keyval 2014/10/28 v1.15 key=value parser (DPC)
\KV@toks@=\toks15
)
("E:\New folder\stu\texmfs\install\tex\latex\graphics\graphics.sty"
Package: graphics 2016/05/09 v1.0r Standard LaTeX Graphics (DPC,SPQR)

("E:\New folder\stu\texmfs\install\tex\latex\graphics\trig.sty"
Package: trig 2016/01/03 v1.10 sin cos tan (DPC)
)
("E:\New folder\stu\texmfs\install\tex\latex\00miktex\graphics.cfg"
File: graphics.cfg 2016/01/02 v1.10 sample graphics configuration
)
Package graphics Info: Driver file: pdftex.def on input line 96.

("E:\New folder\stu\texmfs\install\tex\latex\pdftex-def\pdftex.def"
File: pdftex.def 2011/05/27 v0.06d Graphics/color for pdfTeX

("E:\New folder\stu\texmfs\install\tex\generic\oberdiek\infwarerr.sty"
Package: infwarerr 2016/05/16 v1.4 Providing info/warning/error messages (HO)
)
("E:\New folder\stu\texmfs\install\tex\generic\oberdiek\ltxcmds.sty"
Package: ltxcmds 2016/05/16 v1.23 LaTeX kernel commands for general use (HO)
)
\Gread@gobject=\count94
))
\Gin@req@height=\dimen126
\Gin@req@width=\dimen127
)
\epsfxsize=\dimen128
\epsfysize=\dimen129
)
("E:\New folder\stu\texmfs\install\tex\latex\cite\cite.sty"
LaTeX Info: Redefining \cite on input line 302.
LaTeX Info: Redefining \nocite on input line 332.
Package: cite 2015/02/27  v 5.5
)
("E:\New folder\stu\texmfs\install\tex\latex\booktabs\booktabs.sty"
Package: booktabs 2005/04/14 v1.61803 publication quality tables
\heavyrulewidth=\dimen130
\lightrulewidth=\dimen131
\cmidrulewidth=\dimen132
\belowrulesep=\dimen133
\belowbottomsep=\dimen134
\aboverulesep=\dimen135
\abovetopsep=\dimen136
\cmidrulesep=\dimen137
\cmidrulekern=\dimen138
\defaultaddspace=\dimen139
\@cmidla=\count95
\@cmidlb=\count96
\@aboverulesep=\dimen140
\@belowrulesep=\dimen141
\@thisruleclass=\count97
\@lastruleclass=\count98
\@thisrulewidth=\dimen142
)
("E:\New folder\stu\texmfs\install\tex\latex\preprint\balance.sty"
Package: balance 1999/02/23 4.3 (PWD)
\oldvsize=\dimen143
)
("E:\New folder\stu\texmfs\install\tex\latex\amsmath\amsmath.sty"
Package: amsmath 2016/03/10 v2.15b AMS math features
\@mathmargin=\skip44

For additional information on amsmath, use the `?' option.
("E:\New folder\stu\texmfs\install\tex\latex\amsmath\amstext.sty"
Package: amstext 2000/06/29 v2.01 AMS text

("E:\New folder\stu\texmfs\install\tex\latex\amsmath\amsgen.sty"
File: amsgen.sty 1999/11/30 v2.0 generic functions
\@emptytoks=\toks16
\ex@=\dimen144
))
("E:\New folder\stu\texmfs\install\tex\latex\amsmath\amsbsy.sty"
Package: amsbsy 1999/11/29 v1.2d Bold Symbols
\pmbraise@=\dimen145
)
("E:\New folder\stu\texmfs\install\tex\latex\amsmath\amsopn.sty"
Package: amsopn 2016/03/08 v2.02 operator names
)
\inf@bad=\count99
LaTeX Info: Redefining \frac on input line 199.
\uproot@=\count100
\leftroot@=\count101
LaTeX Info: Redefining \overline on input line 297.
\classnum@=\count102
\DOTSCASE@=\count103
LaTeX Info: Redefining \ldots on input line 394.
LaTeX Info: Redefining \dots on input line 397.
LaTeX Info: Redefining \cdots on input line 518.
\Mathstrutbox@=\box28
\strutbox@=\box29
\big@size=\dimen146
LaTeX Font Info:    Redeclaring font encoding OML on input line 634.
LaTeX Font Info:    Redeclaring font encoding OMS on input line 635.
\macc@depth=\count104
\c@MaxMatrixCols=\count105
\dotsspace@=\muskip10
\c@parentequation=\count106
\dspbrk@lvl=\count107
\tag@help=\toks17
\row@=\count108
\column@=\count109
\maxfields@=\count110
\andhelp@=\toks18
\eqnshift@=\dimen147
\alignsep@=\dimen148
\tagshift@=\dimen149
\tagwidth@=\dimen150
\totwidth@=\dimen151
\lineht@=\dimen152
\@envbody=\toks19
\multlinegap=\skip45
\multlinetaggap=\skip46
\mathdisplay@stack=\toks20
LaTeX Info: Redefining \[ on input line 2739.
LaTeX Info: Redefining \] on input line 2740.
)
("E:\New folder\stu\texmfs\install\tex\latex\tools\xspace.sty"
Package: xspace 2014/10/28 v1.13 Space after command names (DPC,MH)
)
("E:\New folder\stu\texmfs\install\tex\latex\subfigure\subfigure.sty"
Package: subfigure 2002/07/30 v2.1.4 subfigure package
\subfigtopskip=\skip47
\subfigcapskip=\skip48
\subfigcaptopadj=\dimen153
\subfigbottomskip=\skip49
\subfigcapmargin=\dimen154
\subfiglabelskip=\skip50
\c@subfigure=\count111
\c@lofdepth=\count112
\c@subtable=\count113
\c@lotdepth=\count114

****************************************
* Local config file subfigure.cfg used *
****************************************
("E:\New folder\stu\texmfs\install\tex\latex\subfigure\subfigure.cfg")
\subfig@top=\skip51
\subfig@bottom=\skip52
)
("E:\New folder\stu\texmfs\install\tex\latex\url\url.sty"
\Urlmuskip=\muskip11
Package: url 2013/09/16  ver 3.4  Verb mode for urls, etc.
)
("E:\New folder\stu\texmfs\install\tex\latex\algorithm2e\algorithm2e.sty"
Package: algorithm2e 2013/01/06 v5.00 algorithms environments
\c@AlgoLine=\count115

("E:\New folder\stu\texmfs\install\tex\latex\base\ifthen.sty"
Package: ifthen 2014/09/29 v1.1c Standard LaTeX ifthen package (DPC)
)
\algocf@hangindent=\skip53

("E:\New folder\stu\texmfs\install\tex\latex\ltxmisc\relsize.sty"
Package: relsize 2003/07/04 ver 3.1
)
********************************************************
Package `algorithm2e' Release 5.1 -- october 19 2015 --
- algorithm2e-announce@lirmm.fr mailing list for announcement about releases
- algorithm2e-discussion@lirmm.fr mailing list for discussion about package
subscribe by emailing sympa@lirmm.fr with 'subscribe <list> <firstname name>'
- Author: Christophe Fiorio (christophe.fiorio@umontpellier.fr)
********************************************************
\skiptotal=\skip54
\skiplinenumber=\skip55
\skiprule=\skip56
\skiphlne=\skip57
\skiptext=\skip58
\skiplength=\skip59
\algomargin=\skip60
\skipalgocfslide=\skip61
\algowidth=\dimen155
\inoutsize=\dimen156
\inoutindent=\dimen157
\interspacetitleruled=\dimen158
\interspacealgoruled=\dimen159
\interspacetitleboxruled=\dimen160
\algocf@ruledwidth=\skip62
\algocf@inoutbox=\box30
\algocf@inputbox=\box31
\AlCapSkip=\skip63
\AlCapHSkip=\skip64
\algoskipindent=\skip65
\algocf@nlbox=\box32
\algocf@hangingbox=\box33
\algocf@untilbox=\box34
\algocf@skipuntil=\skip66
\algocf@capbox=\box35
\algoheightruledefault=\skip67
\algoheightrule=\skip68
\algotitleheightruledefault=\skip69
\algotitleheightrule=\skip70
\c@algocfline=\count116
\c@algocfproc=\count117
\c@algocf=\count118
\algocf@algoframe=\box36
\algocf@algobox=\box37
) ("E:\New folder\stu\texmfs\install\tex\latex\comment\comment.sty"
\CommentStream=\write3

Excluding comment 'comment') (remark.tex) (siggraph14-ias.aux)
\openout1 = `siggraph14-ias.aux'.

LaTeX Font Info:    Checking defaults for OML/cmm/m/it on input line 41.
LaTeX Font Info:    ... okay on input line 41.
LaTeX Font Info:    Checking defaults for T1/cmr/m/n on input line 41.
LaTeX Font Info:    ... okay on input line 41.
LaTeX Font Info:    Checking defaults for OT1/cmr/m/n on input line 41.
LaTeX Font Info:    ... okay on input line 41.
LaTeX Font Info:    Checking defaults for OMS/cmsy/m/n on input line 41.
LaTeX Font Info:    ... okay on input line 41.
LaTeX Font Info:    Checking defaults for OMX/cmex/m/n on input line 41.
LaTeX Font Info:    ... okay on input line 41.
LaTeX Font Info:    Checking defaults for U/cmr/m/n on input line 41.
LaTeX Font Info:    ... okay on input line 41.

-- Lines per column: 56 (exact).
("E:\New folder\stu\texmfs\install\tex\context\base\supp-pdf.mkii"
[Loading MPS to PDF converter (version 2006.09.02).]
\scratchcounter=\count119
\scratchdimen=\dimen161
\scratchbox=\box38
\nofMPsegments=\count120
\nofMParguments=\count121
\everyMPshowfont=\toks21
\MPscratchCnt=\count122
\MPscratchDim=\dimen162
\MPnumerator=\count123
\makeMPintoPDFobject=\count124
\everyMPtoPDFconversion=\toks22
) ("E:\New folder\stu\texmfs\install\tex\generic\oberdiek\pdftexcmds.sty"
Package: pdftexcmds 2016/05/10 v0.21 Utility functions of pdfTeX for LuaTeX (HO
)

("E:\New folder\stu\texmfs\install\tex\generic\oberdiek\ifluatex.sty"
Package: ifluatex 2016/05/16 v1.4 Provides the ifluatex switch (HO)
Package ifluatex Info: LuaTeX not detected.
)
("E:\New folder\stu\texmfs\install\tex\generic\oberdiek\ifpdf.sty"
Package: ifpdf 2016/05/14 v3.1 Provides the ifpdf switch
)
Package pdftexcmds Info: LuaTeX not detected.
Package pdftexcmds Info: \pdf@primitive is available.
Package pdftexcmds Info: \pdf@ifprimitive is available.
Package pdftexcmds Info: \pdfdraftmode found.
)
("E:\New folder\stu\texmfs\install\tex\latex\oberdiek\epstopdf-base.sty"
Package: epstopdf-base 2016/05/15 v2.6 Base part for package epstopdf

("E:\New folder\stu\texmfs\install\tex\latex\oberdiek\grfext.sty"
Package: grfext 2016/05/16 v1.2 Manage graphics extensions (HO)

("E:\New folder\stu\texmfs\install\tex\generic\oberdiek\kvdefinekeys.sty"
Package: kvdefinekeys 2016/05/16 v1.4 Define keys (HO)
))
("E:\New folder\stu\texmfs\install\tex\latex\oberdiek\kvoptions.sty"
Package: kvoptions 2016/05/16 v3.12 Key value format for package options (HO)

("E:\New folder\stu\texmfs\install\tex\generic\oberdiek\kvsetkeys.sty"
Package: kvsetkeys 2016/05/16 v1.17 Key value parser (HO)

("E:\New folder\stu\texmfs\install\tex\generic\oberdiek\etexcmds.sty"
Package: etexcmds 2016/05/16 v1.6 Avoid name clashes with e-TeX commands (HO)
Package etexcmds Info: Could not find \expanded.
(etexcmds)             That can mean that you are not using pdfTeX 1.50 or
(etexcmds)             that some package has redefined \expanded.
(etexcmds)             In the latter case, load this package earlier.
)))
Package grfext Info: Graphics extension search list:
(grfext)             [.png,.pdf,.jpg,.mps,.jpeg,.jbig2,.jb2,.PNG,.PDF,.JPG,.JPE
G,.JBIG2,.JB2,.eps]
(grfext)             \AppendGraphicsExtensions on input line 456.
)
LaTeX Font Info:    Calculating math sizes for size <11> on input line 63.

(abstract.tex) (intro.tex) (related.tex [1{E:/New folder/stu/texmfs/data/pdftex
/config/pdftex.map}


]) (system.tex

LaTeX Warning: `!h' float specifier changed to `!ht'.

[2] [3]) (security.tex [4]
Missing character: There is no ’ in font ptmr7t!
Missing character: There is no ’ in font ptmr7t!
Missing character: There is no ’ in font ptmr7t!
Missing character: There is no ’ in font ptmr7t!
Missing character: There is no ’ in font ptmr7t!
Missing character: There is no ’ in font ptmri7t!
Missing character: There is no ’ in font ptmr7t!
Missing character: There is no ’ in font ptmr7t!
) (evaluation.tex
<figures/indexing_encryption_time.png, id=28, 632.1216pt x 355.5684pt>
File: figures/indexing_encryption_time.png Graphic file (type png)

<use figures/indexing_encryption_time.png>
Package pdftex.def Info: figures/indexing_encryption_time.png used on input lin
e 31.
(pdftex.def)             Requested size: 252.94499pt x 142.27908pt.

Overfull \hbox (0.94499pt too wide) in paragraph at lines 31--32
 [][][] 
 []

<figures/comp_compare.png, id=30, 1027.84pt x 770.88pt>
File: figures/comp_compare.png Graphic file (type png)

<use figures/comp_compare.png>
Package pdftex.def Info: figures/comp_compare.png used on input line 56.
(pdftex.def)             Requested size: 252.94499pt x 189.70828pt.

Overfull \hbox (0.94499pt too wide) in paragraph at lines 56--57
 [][][] 
 []


LaTeX Warning: `!h' float specifier changed to `!ht'.

[5 <./figures/indexing_encryption_time.png>]
<figures/cost_keywords_graph.png, id=35, 656.6934pt x 397.485pt>
File: figures/cost_keywords_graph.png Graphic file (type png)

<use figures/cost_keywords_graph.png>
Package pdftex.def Info: figures/cost_keywords_graph.png used on input line 112
.
(pdftex.def)             Requested size: 260.17244pt x 157.4749pt.

Overfull \hbox (8.17244pt too wide) in paragraph at lines 112--113
 [][][] 
 []

) (discussion.tex) (siggraph14-ias.bbl [6 <./figures/comp_compare.png> <./figur
es/cost_keywords_graph.png>])

** Conference Paper **
Before submitting the final camera ready copy, remember to:

 1. Manually equalize the lengths of two columns on the last page
 of your paper;

 2. Ensure that any PostScript and/or PDF output post-processing
 uses only Type 1 fonts and that every step in the generation
 process uses the appropriate paper size.

[7

] (siggraph14-ias.aux) )
(\end occurred inside a group at level 1)

### simple group (level 1) entered at line 1061 ({)
### bottom level 
Here is how much of TeX's memory you used:
 4447 strings out of 493335
 68227 string characters out of 3137138
 154088 words of memory out of 3000000
 7887 multiletter control sequences out of 15000+200000
 43416 words of font info for 85 fonts, out of 3000000 for 9000
 1141 hyphenation exceptions out of 8191
 38i,17n,33p,297b,2045s stack positions out of 5000i,500n,10000p,200000b,50000s
{E:/New folder/stu/texmfs/install/fonts/enc/dvips/fontname/8r.e
nc}<E:/New folder/stu/texmfs/install/fonts/type1/public/amsfonts/cm/cmex10.pfb>
<E:/New folder/stu/texmfs/install/fonts/type1/public/amsfonts/cm/cmmi10.pfb><E:
/New folder/stu/texmfs/install/fonts/type1/public/amsfonts/cm/cmmi6.pfb><E:/New
 folder/stu/texmfs/install/fonts/type1/public/amsfonts/cm/cmmi7.pfb><E:/New fol
der/stu/texmfs/install/fonts/type1/public/amsfonts/cm/cmmi8.pfb><E:/New folder/
stu/texmfs/install/fonts/type1/public/amsfonts/cm/cmr10.pfb><E:/New folder/stu/
texmfs/install/fonts/type1/public/amsfonts/cm/cmr7.pfb><E:/New folder/stu/texmf
s/install/fonts/type1/public/amsfonts/cm/cmsy10.pfb><E:/New folder/stu/texmfs/i
nstall/fonts/type1/public/amsfonts/cm/cmsy7.pfb><E:/New folder/stu/texmfs/insta
ll/fonts/type1/public/amsfonts/cm/cmsy8.pfb><E:/New folder/stu/texmfs/install/f
onts/type1/urw/times/utmb8a.pfb><E:/New folder/stu/texmfs/install/fonts/type1/u
rw/times/utmbi8a.pfb><E:/New folder/stu/texmfs/install/fonts/type1/urw/times/ut
mr8a.pfb><E:/New folder/stu/texmfs/install/fonts/type1/urw/times/utmri8a.pfb>
Output written on siggraph14-ias.pdf (7 pages, 433925 bytes).
PDF statistics:
 90 PDF objects out of 1000 (max. 8388607)
 0 named destinations out of 1000 (max. 500000)
 16 words of extra memory for PDF output out of 10000 (max. 10000000)

